{"D:\\Microverse\\Module2\\week5\\Day5\\Javascript_capstone_poject\\src\\modules\\comenttest.js": {"path":"D:\\Microverse\\Module2\\week5\\Day5\\Javascript_capstone_poject\\src\\modules\\comenttest.js","statementMap":{"0":{"start":{"line":3,"column":19},"end":{"line":6,"column":1}},"1":{"start":{"line":4,"column":14},"end":{"line":4,"column":25}},"2":{"start":{"line":5,"column":2},"end":{"line":5,"column":13}}},"fnMap":{"0":{"name":"(anonymous_0)","decl":{"start":{"line":3,"column":19},"end":{"line":3,"column":20}},"loc":{"start":{"line":3,"column":29},"end":{"line":6,"column":1}},"line":3}},"branchMap":{},"s":{"0":1,"1":1,"2":1},"f":{"0":1},"b":{},"_coverageSchema":"1a1c01bbd47fc00a2c39e90264f33305004495a9","hash":"cf2557ee3ac4473dea6f4403e9f1581fa121a51a"}
}
